INFO:     Will watch for changes in these directories: ['/content/FinalProject']
INFO:     Uvicorn running on http://127.0.0.1:8001 (Press CTRL+C to quit)
INFO:     Started reloader process [2245] using StatReload
2023-07-07 13:45:12.584004: W tensorflow/compiler/tf2tensorrt/utils/py_utils.cc:38] TF-TRT Warning: Could not find TensorRT
INFO:     Started server process [2247]
INFO:     Waiting for application startup.
INFO:     Application startup complete.
Detectron v2 is not installed
INFO:     2402:800:6273:3d8c:fccf:c96e:da9b:71f8:0 - "GET / HTTP/1.1" 200 OK
INFO:     2402:800:6273:3d8c:fccf:c96e:da9b:71f8:0 - "GET /favicon.ico HTTP/1.1" 404 Not Found
WARNING:  StatReload detected changes in 'app/main.py'. Reloading...
INFO:     Shutting down
INFO:     Waiting for application shutdown.
INFO:     Application shutdown complete.
INFO:     Finished server process [2247]
WARNING:  StatReload detected changes in 'app/main.py'. Reloading...
2023-07-07 13:55:33.540111: W tensorflow/compiler/tf2tensorrt/utils/py_utils.cc:38] TF-TRT Warning: Could not find TensorRT
WARNING:  StatReload detected changes in 'app/main.py'. Reloading...
2023-07-07 13:55:43.614806: W tensorflow/compiler/tf2tensorrt/utils/py_utils.cc:38] TF-TRT Warning: Could not find TensorRT
INFO:     Started server process [4883]
INFO:     Waiting for application startup.
INFO:     Application startup complete.
WARNING:  StatReload detected changes in 'app/main.py'. Reloading...
INFO:     Shutting down
INFO:     Waiting for application shutdown.
INFO:     Application shutdown complete.
INFO:     Finished server process [4883]
Detectron v2 is not installed
2023-07-07 13:56:08.912552: W tensorflow/compiler/tf2tensorrt/utils/py_utils.cc:38] TF-TRT Warning: Could not find TensorRT
INFO:     Started server process [4987]
INFO:     Waiting for application startup.
INFO:     Application startup complete.
WARNING:  StatReload detected changes in 'app/helpers/engine.py'. Reloading...
INFO:     Shutting down
INFO:     Waiting for application shutdown.
INFO:     Application shutdown complete.
INFO:     Finished server process [4987]
Detectron v2 is not installed
2023-07-07 13:58:00.305238: W tensorflow/compiler/tf2tensorrt/utils/py_utils.cc:38] TF-TRT Warning: Could not find TensorRT
INFO:     Started server process [5477]
INFO:     Waiting for application startup.
INFO:     Application startup complete.
WARNING:  StatReload detected changes in 'app/helpers/engine.py'. Reloading...
INFO:     Shutting down
INFO:     Waiting for application shutdown.
INFO:     Application shutdown complete.
INFO:     Finished server process [5477]
Detectron v2 is not installed
2023-07-07 13:58:18.421957: W tensorflow/compiler/tf2tensorrt/utils/py_utils.cc:38] TF-TRT Warning: Could not find TensorRT
INFO:     Started server process [5557]
INFO:     Waiting for application startup.
INFO:     Application startup complete.
WARNING:  StatReload detected changes in 'app/main.py'. Reloading...
INFO:     Shutting down
INFO:     Waiting for application shutdown.
INFO:     Application shutdown complete.
INFO:     Finished server process [5557]
Detectron v2 is not installed
WARNING:  StatReload detected changes in 'app/main.py'. Reloading...
2023-07-07 14:02:11.622788: W tensorflow/compiler/tf2tensorrt/utils/py_utils.cc:38] TF-TRT Warning: Could not find TensorRT
INFO:     Started server process [6527]
INFO:     Waiting for application startup.
INFO:     Application startup complete.
WARNING:  StatReload detected changes in 'app/main.py'. Reloading...
INFO:     Shutting down
INFO:     Waiting for application shutdown.
INFO:     Application shutdown complete.
INFO:     Finished server process [6527]
Detectron v2 is not installed
2023-07-07 14:02:41.275084: W tensorflow/compiler/tf2tensorrt/utils/py_utils.cc:38] TF-TRT Warning: Could not find TensorRT
INFO:     Started server process [6659]
INFO:     Waiting for application startup.
INFO:     Application startup complete.
Detectron v2 is not installed
INFO:     2402:800:6273:3d8c:fccf:c96e:da9b:71f8:0 - "GET / HTTP/1.1" 200 OK
INFO:     2a03:2880:ff:2::face:b00c:0 - "GET / HTTP/1.1" 200 OK
INFO:     2a03:2880:3ff:4::face:b00c:0 - "GET / HTTP/1.1" 200 OK
INFO:     2a03:2880:3ff::face:b00c:0 - "GET / HTTP/1.1" 200 OK
INFO:     2a03:2880:24ff:5::face:b00c:0 - "GET / HTTP/1.1" 200 OK
INFO:     2a03:2880:27ff:8::face:b00c:0 - "GET / HTTP/1.1" 200 OK
INFO:     2001:ee0:53f1:57a0:6dbc:2c11:40e0:2b30:0 - "GET /?fbclid=IwAR1FPHL7NmmHAy79cSW4ueLqI6DLGlwLEdzAx6cj707E7_tbt8V5Sy6AZog HTTP/1.1" 200 OK
INFO:     2001:ee0:53f1:57a0:6dbc:2c11:40e0:2b30:0 - "GET /favicon.ico HTTP/1.1" 404 Not Found
INFO:     2001:ee0:53f1:57a0:6dbc:2c11:40e0:2b30:0 - "GET /docs HTTP/1.1" 200 OK
INFO:     2001:ee0:53f1:57a0:6dbc:2c11:40e0:2b30:0 - "GET /openapi.json HTTP/1.1" 200 OK
INFO:     2001:ee0:53f1:57a0:6dbc:2c11:40e0:2b30:0 - "POST /segment_selected_object HTTP/1.1" 422 Unprocessable Entity
WARNING:  StatReload detected changes in 'app/main.py'. Reloading...
INFO:     Shutting down
INFO:     Waiting for application shutdown.
INFO:     Application shutdown complete.
INFO:     Finished server process [6659]
2023-07-07 14:18:09.315660: W tensorflow/compiler/tf2tensorrt/utils/py_utils.cc:38] TF-TRT Warning: Could not find TensorRT
INFO:     Started server process [10542]
INFO:     Waiting for application startup.
INFO:     Application startup complete.
WARNING:  StatReload detected changes in 'app/main.py'. Reloading...
INFO:     Shutting down
INFO:     Waiting for application shutdown.
INFO:     Application shutdown complete.
INFO:     Finished server process [10542]
Detectron v2 is not installed
2023-07-07 14:18:40.562077: W tensorflow/compiler/tf2tensorrt/utils/py_utils.cc:38] TF-TRT Warning: Could not find TensorRT
WARNING:  StatReload detected changes in 'app/main.py'. Reloading...
WARNING:  StatReload detected changes in 'app/main.py'. Reloading...
2023-07-07 14:18:55.243949: W tensorflow/compiler/tf2tensorrt/utils/py_utils.cc:38] TF-TRT Warning: Could not find TensorRT
INFO:     Started server process [10740]
INFO:     Waiting for application startup.
INFO:     Application startup complete.
Detectron v2 is not installed
INFO:     2001:ee0:53f1:57a0:6dbc:2c11:40e0:2b30:0 - "POST /segment_selected_object HTTP/1.1" 422 Unprocessable Entity
INFO:     2001:ee0:53f1:57a0:6dbc:2c11:40e0:2b30:0 - "POST /segment_selected_object HTTP/1.1" 422 Unprocessable Entity
INFO:     2001:ee0:53f1:57a0:6dbc:2c11:40e0:2b30:0 - "POST /segment_selected_object HTTP/1.1" 422 Unprocessable Entity
INFO:     2001:ee0:53f1:57a0:6dbc:2c11:40e0:2b30:0 - "POST /segment_selected_object HTTP/1.1" 422 Unprocessable Entity
WARNING:  StatReload detected changes in 'app/features/blur.py'. Reloading...
INFO:     Shutting down
INFO:     Waiting for application shutdown.
INFO:     Application shutdown complete.
INFO:     Finished server process [10740]
WARNING:  StatReload detected changes in 'app/features/blur.py'. Reloading...
2023-07-07 14:19:49.990494: W tensorflow/compiler/tf2tensorrt/utils/py_utils.cc:38] TF-TRT Warning: Could not find TensorRT
WARNING:  StatReload detected changes in 'app/features/blur.py'. Reloading...
2023-07-07 14:19:56.080275: W tensorflow/compiler/tf2tensorrt/utils/py_utils.cc:38] TF-TRT Warning: Could not find TensorRT
WARNING:  StatReload detected changes in 'app/features/blur.py'. Reloading...
2023-07-07 14:20:06.177040: W tensorflow/compiler/tf2tensorrt/utils/py_utils.cc:38] TF-TRT Warning: Could not find TensorRT
WARNING:  StatReload detected changes in 'app/features/blur.py'. Reloading...
WARNING:  StatReload detected changes in 'app/features/blur.py'. Reloading...
2023-07-07 14:20:15.111599: W tensorflow/compiler/tf2tensorrt/utils/py_utils.cc:38] TF-TRT Warning: Could not find TensorRT
WARNING:  StatReload detected changes in 'app/features/blur.py'. Reloading...
WARNING:  StatReload detected changes in 'app/features/blur.py'. Reloading...
WARNING:  StatReload detected changes in 'app/features/blur.py'. Reloading...
WARNING:  StatReload detected changes in 'app/features/blur.py'. Reloading...
WARNING:  StatReload detected changes in 'app/features/blur.py'. Reloading...
2023-07-07 14:20:35.281321: W tensorflow/compiler/tf2tensorrt/utils/py_utils.cc:38] TF-TRT Warning: Could not find TensorRT
WARNING:  StatReload detected changes in 'app/features/blur.py'. Reloading...
WARNING:  StatReload detected changes in 'app/features/blur.py'. Reloading...
2023-07-07 14:20:48.415696: W tensorflow/compiler/tf2tensorrt/utils/py_utils.cc:38] TF-TRT Warning: Could not find TensorRT
INFO:     Started server process [11272]
INFO:     Waiting for application startup.
INFO:     Application startup complete.
Detectron v2 is not installed
INFO:     2001:ee0:53f1:57a0:6dbc:2c11:40e0:2b30:0 - "POST /segment_selected_object?x=10&y=20 HTTP/1.1" 422 Unprocessable Entity
WARNING:  StatReload detected changes in 'app/features/blur.py'. Reloading...
INFO:     Shutting down
INFO:     Waiting for application shutdown.
INFO:     Application shutdown complete.
INFO:     Finished server process [11272]
2023-07-07 14:22:24.665100: W tensorflow/compiler/tf2tensorrt/utils/py_utils.cc:38] TF-TRT Warning: Could not find TensorRT
INFO:     Started server process [11666]
INFO:     Waiting for application startup.
INFO:     Application startup complete.
Detectron v2 is not installed
INFO:     2001:ee0:53f1:57a0:6dbc:2c11:40e0:2b30:0 - "POST /segment_selected_object?x=0&y=0 HTTP/1.1" 200 OK
WARNING:  StatReload detected changes in 'app/features/blur.py'. Reloading...
INFO:     Shutting down
INFO:     Waiting for application shutdown.
INFO:     Application shutdown complete.
INFO:     Finished server process [11666]
WARNING:  StatReload detected changes in 'app/features/blur.py'. Reloading...
WARNING:  StatReload detected changes in 'app/features/blur.py'. Reloading...
WARNING:  StatReload detected changes in 'app/features/blur.py'. Reloading...
WARNING:  StatReload detected changes in 'app/features/blur.py'. Reloading...
WARNING:  StatReload detected changes in 'app/features/blur.py'. Reloading...
WARNING:  StatReload detected changes in 'app/features/blur.py'. Reloading...
2023-07-07 14:23:47.116287: W tensorflow/compiler/tf2tensorrt/utils/py_utils.cc:38] TF-TRT Warning: Could not find TensorRT
WARNING:  StatReload detected changes in 'app/features/blur.py'. Reloading...
WARNING:  StatReload detected changes in 'app/features/blur.py'. Reloading...
WARNING:  StatReload detected changes in 'app/features/blur.py'. Reloading...
WARNING:  StatReload detected changes in 'app/features/blur.py'. Reloading...
WARNING:  StatReload detected changes in 'app/features/blur.py'. Reloading...
WARNING:  StatReload detected changes in 'app/features/blur.py'. Reloading...
WARNING:  StatReload detected changes in 'app/features/blur.py'. Reloading...
WARNING:  StatReload detected changes in 'app/features/blur.py'. Reloading...
WARNING:  StatReload detected changes in 'app/features/blur.py'. Reloading...
2023-07-07 14:24:13.192957: W tensorflow/compiler/tf2tensorrt/utils/py_utils.cc:38] TF-TRT Warning: Could not find TensorRT
INFO:     Started server process [12176]
INFO:     Waiting for application startup.
INFO:     Application startup complete.
Detectron v2 is not installed
INFO:     2001:ee0:53f1:57a0:6dbc:2c11:40e0:2b30:0 - "POST /segment_selected_object?x=10&y=10 HTTP/1.1" 422 Unprocessable Entity
INFO:     2001:ee0:53f1:57a0:6dbc:2c11:40e0:2b30:0 - "POST /segment_selected_object?x=10&y=10 HTTP/1.1" 422 Unprocessable Entity
WARNING:  StatReload detected changes in 'app/features/blur.py'. Reloading...
INFO:     Shutting down
INFO:     Waiting for application shutdown.
INFO:     Application shutdown complete.
INFO:     Finished server process [12176]
2023-07-07 14:24:39.643109: W tensorflow/compiler/tf2tensorrt/utils/py_utils.cc:38] TF-TRT Warning: Could not find TensorRT
INFO:     Started server process [12296]
INFO:     Waiting for application startup.
INFO:     Application startup complete.
Detectron v2 is not installed
INFO:     2001:ee0:53f1:57a0:6dbc:2c11:40e0:2b30:0 - "POST /segment_selected_object?x=10&y=10 HTTP/1.1" 422 Unprocessable Entity
WARNING:  StatReload detected changes in 'app/main.py'. Reloading...
INFO:     Shutting down
INFO:     Waiting for application shutdown.
INFO:     Application shutdown complete.
INFO:     Finished server process [12296]
Process SpawnProcess-46:
Traceback (most recent call last):
  File "/usr/lib/python3.10/multiprocessing/process.py", line 314, in _bootstrap
    self.run()
  File "/usr/lib/python3.10/multiprocessing/process.py", line 108, in run
    self._target(*self._args, **self._kwargs)
  File "/usr/local/lib/python3.10/dist-packages/uvicorn/_subprocess.py", line 76, in subprocess_started
    target(sockets=sockets)
  File "/usr/local/lib/python3.10/dist-packages/uvicorn/server.py", line 61, in run
    return asyncio.run(self.serve(sockets=sockets))
  File "/usr/lib/python3.10/asyncio/runners.py", line 44, in run
    return loop.run_until_complete(main)
  File "/usr/lib/python3.10/asyncio/base_events.py", line 649, in run_until_complete
    return future.result()
  File "/usr/local/lib/python3.10/dist-packages/uvicorn/server.py", line 68, in serve
    config.load()
  File "/usr/local/lib/python3.10/dist-packages/uvicorn/config.py", line 473, in load
    self.loaded_app = import_from_string(self.app)
  File "/usr/local/lib/python3.10/dist-packages/uvicorn/importer.py", line 21, in import_from_string
    module = importlib.import_module(module_str)
  File "/usr/lib/python3.10/importlib/__init__.py", line 126, in import_module
    return _bootstrap._gcd_import(name[level:], package, level)
  File "<frozen importlib._bootstrap>", line 1050, in _gcd_import
  File "<frozen importlib._bootstrap>", line 1027, in _find_and_load
  File "<frozen importlib._bootstrap>", line 1006, in _find_and_load_unlocked
  File "<frozen importlib._bootstrap>", line 688, in _load_unlocked
  File "<frozen importlib._bootstrap_external>", line 879, in exec_module
  File "<frozen importlib._bootstrap_external>", line 1017, in get_code
  File "<frozen importlib._bootstrap_external>", line 947, in source_to_code
  File "<frozen importlib._bootstrap>", line 241, in _call_with_frames_removed
  File "/content/FinalProject/app/main.py", line 66
    @app.post()
SyntaxError: invalid syntax
WARNING:  StatReload detected changes in 'app/main.py'. Reloading...
2023-07-07 14:28:46.911737: W tensorflow/compiler/tf2tensorrt/utils/py_utils.cc:38] TF-TRT Warning: Could not find TensorRT
INFO:     Started server process [13339]
INFO:     Waiting for application startup.
INFO:     Application startup complete.
WARNING:  StatReload detected changes in 'app/main.py'. Reloading...
INFO:     Shutting down
INFO:     Waiting for application shutdown.
INFO:     Application shutdown complete.
INFO:     Finished server process [13339]
Detectron v2 is not installed
2023-07-07 14:29:14.707251: W tensorflow/compiler/tf2tensorrt/utils/py_utils.cc:38] TF-TRT Warning: Could not find TensorRT
WARNING:  StatReload detected changes in 'app/main.py'. Reloading...
2023-07-07 14:29:29.463330: W tensorflow/compiler/tf2tensorrt/utils/py_utils.cc:38] TF-TRT Warning: Could not find TensorRT
INFO:     Started server process [13531]
INFO:     Waiting for application startup.
INFO:     Application startup complete.
WARNING:  StatReload detected changes in 'app/main.py'. Reloading...
INFO:     Shutting down
INFO:     Waiting for application shutdown.
INFO:     Application shutdown complete.
INFO:     Finished server process [13531]
Detectron v2 is not installed
WARNING:  StatReload detected changes in 'app/main.py'. Reloading...
WARNING:  StatReload detected changes in 'app/main.py'. Reloading...
2023-07-07 14:30:04.105146: W tensorflow/compiler/tf2tensorrt/utils/py_utils.cc:38] TF-TRT Warning: Could not find TensorRT
WARNING:  StatReload detected changes in 'app/main.py'. Reloading...
WARNING:  StatReload detected changes in 'app/main.py'. Reloading...
2023-07-07 14:30:27.578006: W tensorflow/compiler/tf2tensorrt/utils/py_utils.cc:38] TF-TRT Warning: Could not find TensorRT
WARNING:  StatReload detected changes in 'app/main.py'. Reloading...
2023-07-07 14:30:35.742817: W tensorflow/compiler/tf2tensorrt/utils/py_utils.cc:38] TF-TRT Warning: Could not find TensorRT
WARNING:  StatReload detected changes in 'app/main.py'. Reloading...
WARNING:  StatReload detected changes in 'app/main.py'. Reloading...
Process SpawnProcess-57:
Traceback (most recent call last):
  File "/usr/lib/python3.10/multiprocessing/process.py", line 314, in _bootstrap
    self.run()
  File "/usr/lib/python3.10/multiprocessing/process.py", line 108, in run
    self._target(*self._args, **self._kwargs)
  File "/usr/local/lib/python3.10/dist-packages/uvicorn/_subprocess.py", line 76, in subprocess_started
    target(sockets=sockets)
  File "/usr/local/lib/python3.10/dist-packages/uvicorn/server.py", line 61, in run
    return asyncio.run(self.serve(sockets=sockets))
  File "/usr/lib/python3.10/asyncio/runners.py", line 44, in run
    return loop.run_until_complete(main)
  File "/usr/lib/python3.10/asyncio/base_events.py", line 649, in run_until_complete
    return future.result()
  File "/usr/local/lib/python3.10/dist-packages/uvicorn/server.py", line 68, in serve
    config.load()
  File "/usr/local/lib/python3.10/dist-packages/uvicorn/config.py", line 473, in load
    self.loaded_app = import_from_string(self.app)
  File "/usr/local/lib/python3.10/dist-packages/uvicorn/importer.py", line 21, in import_from_string
    module = importlib.import_module(module_str)
  File "/usr/lib/python3.10/importlib/__init__.py", line 126, in import_module
    return _bootstrap._gcd_import(name[level:], package, level)
  File "<frozen importlib._bootstrap>", line 1050, in _gcd_import
  File "<frozen importlib._bootstrap>", line 1027, in _find_and_load
  File "<frozen importlib._bootstrap>", line 1006, in _find_and_load_unlocked
  File "<frozen importlib._bootstrap>", line 688, in _load_unlocked
  File "<frozen importlib._bootstrap_external>", line 879, in exec_module
  File "<frozen importlib._bootstrap_external>", line 1017, in get_code
  File "<frozen importlib._bootstrap_external>", line 947, in source_to_code
  File "<frozen importlib._bootstrap>", line 241, in _call_with_frames_removed
  File "/content/FinalProject/app/main.py", line 75
    eturn {"Image": img_b64}
          ^
SyntaxError: invalid syntax
WARNING:  StatReload detected changes in 'app/main.py'. Reloading...
WARNING:  StatReload detected changes in 'app/main.py'. Reloading...
2023-07-07 14:31:00.396837: W tensorflow/compiler/tf2tensorrt/utils/py_utils.cc:38] TF-TRT Warning: Could not find TensorRT
WARNING:  StatReload detected changes in 'app/main.py'. Reloading...
2023-07-07 14:31:05.608020: W tensorflow/compiler/tf2tensorrt/utils/py_utils.cc:38] TF-TRT Warning: Could not find TensorRT
INFO:     Started server process [13995]
INFO:     Waiting for application startup.
INFO:     Application startup complete.
